#
# There is insufficient memory for the Java Runtime Environment to continue.
# Native memory allocation (mmap) failed to map 264241152 bytes for G1 virtual space
# Possible reasons:
#   The system is out of physical RAM or swap space
#   The process is running with CompressedOops enabled, and the Java Heap may be blocking the growth of the native heap
# Possible solutions:
#   Reduce memory load on the system
#   Increase physical memory or swap space
#   Check if swap backing store is full
#   Decrease Java heap size (-Xmx/-Xms)
#   Decrease number of Java threads
#   Decrease Java thread stack sizes (-Xss)
#   Set larger code cache with -XX:ReservedCodeCacheSize=
#   JVM is running with Zero Based Compressed Oops mode in which the Java heap is
#     placed in the first 32GB address space. The Java Heap base address is the
#     maximum limit for the native heap growth. Please use -XX:HeapBaseMinAddress
#     to set the Java Heap base and to place the Java Heap above 32GB virtual address.
# This output file may be truncated or incomplete.
#
#  Out of Memory Error (os_windows.cpp:3600), pid=26780, tid=20948
#
# JRE version:  (21.0.1+12) (build )
# Java VM: OpenJDK 64-Bit Server VM (21.0.1+12-29, mixed mode, sharing, tiered, compressed oops, compressed class ptrs, g1 gc, windows-amd64)
# No core dump will be written. Minidumps are not enabled by default on client versions of Windows
#

---------------  S U M M A R Y ------------

Command Line: -Dnet.bytebuddy.agent.attacher.dump= net.bytebuddy.agent.Attacher com.sun.tools.attach.VirtualMachine 27968 C:\Users\KEY HM\.m2\repository\net\bytebuddy\byte-buddy-agent\1.14.10\byte-buddy-agent-1.14.10.jar false 

Host: 12th Gen Intel(R) Core(TM) i5-12500H, 16 cores, 15G,  Windows 11 , 64 bit Build 22621 (10.0.22621.3235)
Time: Thu Mar 21 18:56:09 2024 Hora est. Pacífico, Sudamérica elapsed time: 0.007339 seconds (0d 0h 0m 0s)

---------------  T H R E A D  ---------------

Current thread (0x000002057cbcce50):  JavaThread "Unknown thread" [_thread_in_vm, id=20948, stack(0x0000005fc0b00000,0x0000005fc0c00000) (1024K)]

Stack: [0x0000005fc0b00000,0x0000005fc0c00000]
Native frames: (J=compiled Java code, j=interpreted, Vv=VM code, C=native code)
V  [jvm.dll+0x6c9029]
V  [jvm.dll+0x854b81]
V  [jvm.dll+0x856e5e]
V  [jvm.dll+0x857543]
V  [jvm.dll+0x280c06]
V  [jvm.dll+0x6c5715]
V  [jvm.dll+0x6ba10a]
V  [jvm.dll+0x3557ea]
V  [jvm.dll+0x35d436]
V  [jvm.dll+0x3ae1be]
V  [jvm.dll+0x3ae468]
V  [jvm.dll+0x3291fc]
V  [jvm.dll+0x329d8b]
V  [jvm.dll+0x81d179]
V  [jvm.dll+0x3bb4f1]
V  [jvm.dll+0x805ae8]
V  [jvm.dll+0x44effe]
V  [jvm.dll+0x450901]
C  [jli.dll+0x52a3]
C  [ucrtbase.dll+0x29363]
C  [KERNEL32.DLL+0x1257d]
C  [ntdll.dll+0x5aa58]


---------------  P R O C E S S  ---------------

Threads class SMR info:
_java_thread_list=0x00007ffbf03f9b88, length=0, elements={
}

Java Threads: ( => current thread )
Total: 0

Other Threads:
  0x000002057ee7c310 WorkerThread "GC Thread#0"                     [id=30508, stack(0x0000005fc0c00000,0x0000005fc0d00000) (1024K)]
  0x000002057ee8e790 ConcurrentGCThread "G1 Main Marker"            [id=26948, stack(0x0000005fc0d00000,0x0000005fc0e00000) (1024K)]
  0x000002057ee8f290 WorkerThread "G1 Conc#0"                       [id=1860, stack(0x0000005fc0e00000,0x0000005fc0f00000) (1024K)]

[error occurred during error reporting (printing all threads), id 0xc0000005, EXCEPTION_ACCESS_VIOLATION (0xc0000005) at pc=0x00007ffbefb6c2c7]
VM state: not at safepoint (not fully initialized)

VM Mutex/Monitor currently owned by a thread:  ([mutex/lock_event])
[0x00007ffbf046a6f8] Heap_lock - owner thread: 0x000002057cbcce50

Heap address: 0x0000000705200000, size: 4014 MB, Compressed Oops mode: Zero based, Oop shift amount: 3

CDS archive(s) mapped at: [0x0000000000000000-0x0000000000000000-0x0000000000000000), size 0, SharedBaseAddress: 0x0000000800000000, ArchiveRelocationMode: 1.
Narrow klass base: 0x0000000000000000, Narrow klass shift: 0, Narrow klass range: 0x0

GC Precious Log:
 CardTable entry size: 512
 Card Set container configuration: InlinePtr #cards 4 size 8 Array Of Cards #cards 16 size 48 Howl #buckets 8 coarsen threshold 3686 Howl Bitmap #cards 512 size 80 coarsen threshold 460 Card regions per heap region 1 cards per card region 4096

Heap:
 garbage-first heap   total 0K, used 0K [0x0000000705200000, 0x0000000800000000)
  region size 2048K, 0 young (0K), 0 survivors (0K)

[error occurred during error reporting (printing heap information), id 0xc0000005, EXCEPTION_ACCESS_VIOLATION (0xc0000005) at pc=0x00007ffbeff51be9]
GC Heap History (0 events):
No events

Dll operation events (1 events):
Event: 0.005 Loaded shared library C:\Users\KEY HM\Documents\aplicaciones-instaladores\jdk-21.0.1\bin\java.dll

Deoptimization events (0 events):
No events

Classes loaded (0 events):
No events

Classes unloaded (0 events):
No events

Classes redefined (0 events):
No events

Internal exceptions (0 events):
No events

ZGC Phase Switch (0 events):
No events

VM Operations (0 events):
No events

Events (0 events):
No events


Dynamic libraries:
0x00007ff6c3c60000 - 0x00007ff6c3c6e000 	C:\Users\KEY HM\Documents\aplicaciones-instaladores\jdk-21.0.1\bin\java.exe
0x00007ffcb7af0000 - 0x00007ffcb7d06000 	C:\windows\SYSTEM32\ntdll.dll
0x00007ffcb7060000 - 0x00007ffcb7124000 	C:\windows\System32\KERNEL32.DLL
0x00007ffcb5420000 - 0x00007ffcb57c6000 	C:\windows\System32\KERNELBASE.dll
0x00007ffcb5300000 - 0x00007ffcb5411000 	C:\windows\System32\ucrtbase.dll
0x00007ffc66870000 - 0x00007ffc66888000 	C:\Users\KEY HM\Documents\aplicaciones-instaladores\jdk-21.0.1\bin\jli.dll
0x00007ffc66890000 - 0x00007ffc668ab000 	C:\Users\KEY HM\Documents\aplicaciones-instaladores\jdk-21.0.1\bin\VCRUNTIME140.dll
0x00007ffcb7190000 - 0x00007ffcb733d000 	C:\windows\System32\USER32.dll
0x00007ffcb51e0000 - 0x00007ffcb5206000 	C:\windows\System32\win32u.dll
0x00007ffcb6af0000 - 0x00007ffcb6b19000 	C:\windows\System32\GDI32.dll
0x00007ffc8d090000 - 0x00007ffc8d323000 	C:\windows\WinSxS\amd64_microsoft.windows.common-controls_6595b64144ccf1df_6.0.22621.3235_none_270f74e173860f98\COMCTL32.dll
0x00007ffcb4f50000 - 0x00007ffcb5068000 	C:\windows\System32\gdi32full.dll
0x00007ffcb6370000 - 0x00007ffcb6417000 	C:\windows\System32\msvcrt.dll
0x00007ffcb4e30000 - 0x00007ffcb4eca000 	C:\windows\System32\msvcp_win.dll
0x00007ffcb6580000 - 0x00007ffcb65b1000 	C:\windows\System32\IMM32.DLL
0x00007ffc78960000 - 0x00007ffc7896c000 	C:\Users\KEY HM\Documents\aplicaciones-instaladores\jdk-21.0.1\bin\vcruntime140_1.dll
0x00007ffc33890000 - 0x00007ffc3391e000 	C:\Users\KEY HM\Documents\aplicaciones-instaladores\jdk-21.0.1\bin\msvcp140.dll
0x00007ffbef830000 - 0x00007ffbf0545000 	C:\Users\KEY HM\Documents\aplicaciones-instaladores\jdk-21.0.1\bin\server\jvm.dll
0x00007ffcb6b20000 - 0x00007ffcb6bd2000 	C:\windows\System32\ADVAPI32.dll
0x00007ffcb5840000 - 0x00007ffcb58e8000 	C:\windows\System32\sechost.dll
0x00007ffcb5210000 - 0x00007ffcb5238000 	C:\windows\System32\bcrypt.dll
0x00007ffcb7730000 - 0x00007ffcb7845000 	C:\windows\System32\RPCRT4.dll
0x00007ffcb58f0000 - 0x00007ffcb5961000 	C:\windows\System32\WS2_32.dll
0x00007ffcb3ca0000 - 0x00007ffcb3ced000 	C:\windows\SYSTEM32\POWRPROF.dll
0x00007ffcaaaa0000 - 0x00007ffcaaad4000 	C:\windows\SYSTEM32\WINMM.dll
0x00007ffca95a0000 - 0x00007ffca95aa000 	C:\windows\SYSTEM32\VERSION.dll
0x00007ffcb3c80000 - 0x00007ffcb3c93000 	C:\windows\SYSTEM32\UMPDC.dll
0x00007ffcb3f60000 - 0x00007ffcb3f78000 	C:\windows\SYSTEM32\kernel.appcore.dll
0x00007ffc703b0000 - 0x00007ffc703ba000 	C:\Users\KEY HM\Documents\aplicaciones-instaladores\jdk-21.0.1\bin\jimage.dll
0x00007ffcb2720000 - 0x00007ffcb2953000 	C:\windows\SYSTEM32\DBGHELP.DLL
0x00007ffcb7340000 - 0x00007ffcb76c8000 	C:\windows\System32\combase.dll
0x00007ffcb6440000 - 0x00007ffcb6517000 	C:\windows\System32\OLEAUT32.dll
0x00007ffc9eda0000 - 0x00007ffc9edd2000 	C:\windows\SYSTEM32\dbgcore.DLL
0x00007ffcb4ed0000 - 0x00007ffcb4f4a000 	C:\windows\System32\bcryptPrimitives.dll
0x00007ffc66350000 - 0x00007ffc6636f000 	C:\Users\KEY HM\Documents\aplicaciones-instaladores\jdk-21.0.1\bin\java.dll

dbghelp: loaded successfully - version: 4.0.5 - missing functions: none
symbol engine: initialized successfully - sym options: 0x614 - pdb path: .;C:\Users\KEY HM\Documents\aplicaciones-instaladores\jdk-21.0.1\bin;C:\windows\SYSTEM32;C:\windows\WinSxS\amd64_microsoft.windows.common-controls_6595b64144ccf1df_6.0.22621.3235_none_270f74e173860f98;C:\Users\KEY HM\Documents\aplicaciones-instaladores\jdk-21.0.1\bin\server

VM Arguments:
jvm_args: -Dnet.bytebuddy.agent.attacher.dump= 
java_command: net.bytebuddy.agent.Attacher com.sun.tools.attach.VirtualMachine 27968 C:\Users\KEY HM\.m2\repository\net\bytebuddy\byte-buddy-agent\1.14.10\byte-buddy-agent-1.14.10.jar false 
java_class_path (initial): C:\Users\KEY HM\.m2\repository\net\bytebuddy\byte-buddy-agent\1.14.10\byte-buddy-agent-1.14.10.jar
Launcher Type: SUN_STANDARD

[Global flags]
     intx CICompilerCount                          = 12                                        {product} {ergonomic}
     uint ConcGCThreads                            = 3                                         {product} {ergonomic}
     uint G1ConcRefinementThreads                  = 13                                        {product} {ergonomic}
   size_t G1HeapRegionSize                         = 2097152                                   {product} {ergonomic}
    uintx GCDrainStackTargetSize                   = 64                                        {product} {ergonomic}
   size_t InitialHeapSize                          = 264241152                                 {product} {ergonomic}
   size_t MarkStackSize                            = 4194304                                   {product} {ergonomic}
   size_t MaxHeapSize                              = 4208984064                                {product} {ergonomic}
   size_t MinHeapDeltaBytes                        = 2097152                                   {product} {ergonomic}
   size_t MinHeapSize                              = 8388608                                   {product} {ergonomic}
    uintx NonNMethodCodeHeapSize                   = 7602480                                {pd product} {ergonomic}
    uintx NonProfiledCodeHeapSize                  = 122027880                              {pd product} {ergonomic}
    uintx ProfiledCodeHeapSize                     = 122027880                              {pd product} {ergonomic}
    uintx ReservedCodeCacheSize                    = 251658240                              {pd product} {ergonomic}
     bool SegmentedCodeCache                       = true                                      {product} {ergonomic}
   size_t SoftMaxHeapSize                          = 4208984064                             {manageable} {ergonomic}
     bool UseCompressedOops                        = true                           {product lp64_product} {ergonomic}
     bool UseG1GC                                  = true                                      {product} {ergonomic}
     bool UseLargePagesIndividualAllocation        = false                                  {pd product} {ergonomic}

Logging:
Log output configuration:
 #0: stdout all=warning uptime,level,tags foldmultilines=false
 #1: stderr all=off uptime,level,tags foldmultilines=false

Environment Variables:
JAVA_HOME=C:\Users\KEY HM\Documents\aplicaciones-instaladores\jdk-21.0.1
PATH=C:\windows\system32;C:\windows;C:\windows\System32\Wbem;C:\windows\System32\WindowsPowerShell\v1.0\;C:\windows\System32\OpenSSH\;C:\Program Files (x86)\NVIDIA Corporation\PhysX\Common;C:\Program Files\NVIDIA Corporation\NVIDIA NvDLISR;C:\Program Files\nodejs\;C:\Users\KEY HM\Documents\aplicaciones-instaladores\jdk-21.0.1\bin;C:\Program Files\Git\cmd;C:\Program Files\Maven\apache-maven-3.9.6;C:\Users\KEY HM\AppData\Roaming\npm;C:\Users\KEY HM\AppData\Local\Microsoft\WindowsApps;C:\Users\KEY HM\AppData\Local\JetBrains\Toolbox\scripts;C:\Users\KEY HM\AppData\Roaming\npm;C:\Program Files\MySQL\MySQL Server 8.2\bin;C:\Program Files\Maven\apache-maven-3.9.6\bin;C:\Users\KEY HM\AppData\Local\GitHubDesktop\bin;C:\Users\KEY HM\AppData\Local\Programs\Microsoft VS Code\bin;C:\Users\KEY HM\AppData\Roaming\npm;
USERNAME=KEY HM
OS=Windows_NT
PROCESSOR_IDENTIFIER=Intel64 Family 6 Model 154 Stepping 3, GenuineIntel
TMP=C:\Users\KEYHM~1\AppData\Local\Temp
TEMP=C:\Users\KEYHM~1\AppData\Local\Temp




Periodic native trim disabled

---------------  S Y S T E M  ---------------

OS:
 Windows 11 , 64 bit Build 22621 (10.0.22621.3235)
OS uptime: 0 days 8:58 hours
Hyper-V role detected

CPU: total 16 (initial active 16) (8 cores per cpu, 2 threads per core) family 6 model 154 stepping 3 microcode 0x42c, cx8, cmov, fxsr, ht, mmx, 3dnowpref, sse, sse2, sse3, ssse3, sse4.1, sse4.2, popcnt, lzcnt, tsc, tscinvbit, avx, avx2, aes, erms, clmul, bmi1, bmi2, adx, sha, fma, vzeroupper, clflush, clflushopt, clwb, hv, serialize, rdtscp, rdpid, fsrm, f16c, cet_ibt, cet_ss
Processor Information for processor 0
  Max Mhz: 2500, Current Mhz: 2500, Mhz Limit: 2500
Processor Information for processor 1
  Max Mhz: 2500, Current Mhz: 2500, Mhz Limit: 2500
Processor Information for processor 2
  Max Mhz: 2500, Current Mhz: 2500, Mhz Limit: 2500
Processor Information for processor 3
  Max Mhz: 2500, Current Mhz: 2500, Mhz Limit: 2500
Processor Information for processor 4
  Max Mhz: 2500, Current Mhz: 2500, Mhz Limit: 2500
Processor Information for processor 5
  Max Mhz: 2500, Current Mhz: 2500, Mhz Limit: 2500
Processor Information for processor 6
  Max Mhz: 2500, Current Mhz: 2500, Mhz Limit: 2500
Processor Information for processor 7
  Max Mhz: 2500, Current Mhz: 2500, Mhz Limit: 2500
Processor Information for processor 8
  Max Mhz: 2500, Current Mhz: 1800, Mhz Limit: 1800
Processor Information for processor 9
  Max Mhz: 2500, Current Mhz: 1800, Mhz Limit: 1800
Processor Information for processor 10
  Max Mhz: 2500, Current Mhz: 1800, Mhz Limit: 1800
Processor Information for processor 11
  Max Mhz: 2500, Current Mhz: 1500, Mhz Limit: 1800
Processor Information for processor 12
  Max Mhz: 2500, Current Mhz: 1800, Mhz Limit: 1800
Processor Information for processor 13
  Max Mhz: 2500, Current Mhz: 1800, Mhz Limit: 1800
Processor Information for processor 14
  Max Mhz: 2500, Current Mhz: 1800, Mhz Limit: 1800
Processor Information for processor 15
  Max Mhz: 2500, Current Mhz: 1500, Mhz Limit: 1800

Memory: 4k page, system-wide physical 16051M (541M free)
TotalPageFile size 30972M (AvailPageFile size 111M)
current process WorkingSet (physical memory assigned to process): 11M, peak: 11M
current process commit charge ("private bytes"): 70M, peak: 322M

vm_info: OpenJDK 64-Bit Server VM (21.0.1+12-29) for windows-amd64 JRE (21.0.1+12-29), built on 2023-10-05T13:27:09Z by "mach5one" with MS VC++ 17.1 (VS2022)

END.
